[2026-06-12T20:36:54.234Z] [INFO] Scheduled task: Full anatomy rescan (0 */6 * * *)
[2026-06-12T20:36:54.235Z] [INFO] Scheduled task: Consolidate old memory (0 2 * * *)
[2026-06-12T20:36:54.235Z] [INFO] Scheduled task: Token audit report (0 0 * * 1)
[2026-06-12T20:36:54.235Z] [INFO] Scheduled task: Cerebrum reflection (0 3 * * 0)
[2026-06-12T20:36:54.236Z] [INFO] Scheduled task: AI suggestions (0 4 * * 1)
[2026-06-12T20:36:54.237Z] [INFO] File watcher started on .wolf/
[2026-06-12T20:36:54.237Z] [INFO] OpenWolf daemon started
[2026-06-12T20:36:54.238Z] [INFO] Dashboard server listening on port 18791
[2026-06-12T20:36:54.463Z] [INFO] Scheduled task: Full anatomy rescan (0 */6 * * *)
[2026-06-12T20:36:54.464Z] [INFO] Scheduled task: Consolidate old memory (0 2 * * *)
[2026-06-12T20:36:54.465Z] [INFO] Scheduled task: Token audit report (0 0 * * 1)
[2026-06-12T20:36:54.465Z] [INFO] Scheduled task: Cerebrum reflection (0 3 * * 0)
[2026-06-12T20:36:54.465Z] [INFO] Scheduled task: AI suggestions (0 4 * * 1)
[2026-06-12T20:36:54.466Z] [INFO] File watcher started on .wolf/
[2026-06-12T20:36:54.467Z] [INFO] OpenWolf daemon started
[2026-06-12T20:36:54.467Z] [INFO] Dashboard server listening on port 18791
[2026-06-12T20:36:54.652Z] [INFO] Scheduled task: Full anatomy rescan (0 */6 * * *)
[2026-06-12T20:36:54.653Z] [INFO] Scheduled task: Consolidate old memory (0 2 * * *)
[2026-06-12T20:36:54.653Z] [INFO] Scheduled task: Token audit report (0 0 * * 1)
[2026-06-12T20:36:54.653Z] [INFO] Scheduled task: Cerebrum reflection (0 3 * * 0)
[2026-06-12T20:36:54.653Z] [INFO] Scheduled task: AI suggestions (0 4 * * 1)
[2026-06-12T20:36:54.654Z] [INFO] File watcher started on .wolf/
[2026-06-12T20:36:54.654Z] [INFO] OpenWolf daemon started
[2026-06-12T20:36:54.655Z] [INFO] Dashboard server listening on port 18791
[2026-06-12T20:36:54.847Z] [INFO] Scheduled task: Full anatomy rescan (0 */6 * * *)
[2026-06-12T20:36:54.849Z] [INFO] Scheduled task: Consolidate old memory (0 2 * * *)
[2026-06-12T20:36:54.849Z] [INFO] Scheduled task: Token audit report (0 0 * * 1)
[2026-06-12T20:36:54.849Z] [INFO] Scheduled task: Cerebrum reflection (0 3 * * 0)
[2026-06-12T20:36:54.849Z] [INFO] Scheduled task: AI suggestions (0 4 * * 1)
[2026-06-12T20:36:54.850Z] [INFO] File watcher started on .wolf/
[2026-06-12T20:36:54.850Z] [INFO] OpenWolf daemon started
[2026-06-12T20:36:54.851Z] [INFO] Dashboard server listening on port 18791
[2026-06-12T20:36:55.054Z] [INFO] Scheduled task: Full anatomy rescan (0 */6 * * *)
[2026-06-12T20:36:55.055Z] [INFO] Scheduled task: Consolidate old memory (0 2 * * *)
[2026-06-12T20:36:55.055Z] [INFO] Scheduled task: Token audit report (0 0 * * 1)
[2026-06-12T20:36:55.056Z] [INFO] Scheduled task: Cerebrum reflection (0 3 * * 0)
[2026-06-12T20:36:55.056Z] [INFO] Scheduled task: AI suggestions (0 4 * * 1)
[2026-06-12T20:36:55.057Z] [INFO] File watcher started on .wolf/
[2026-06-12T20:36:55.057Z] [INFO] OpenWolf daemon started
[2026-06-12T20:36:55.058Z] [INFO] Dashboard server listening on port 18791
[2026-06-12T20:36:55.230Z] [INFO] Scheduled task: Full anatomy rescan (0 */6 * * *)
[2026-06-12T20:36:55.231Z] [INFO] Scheduled task: Consolidate old memory (0 2 * * *)
[2026-06-12T20:36:55.231Z] [INFO] Scheduled task: Token audit report (0 0 * * 1)
[2026-06-12T20:36:55.232Z] [INFO] Scheduled task: Cerebrum reflection (0 3 * * 0)
[2026-06-12T20:36:55.232Z] [INFO] Scheduled task: AI suggestions (0 4 * * 1)
[2026-06-12T20:36:55.233Z] [INFO] File watcher started on .wolf/
[2026-06-12T20:36:55.233Z] [INFO] OpenWolf daemon started
[2026-06-12T20:36:55.233Z] [INFO] Dashboard server listening on port 18791
[2026-06-12T20:36:55.415Z] [INFO] Scheduled task: Full anatomy rescan (0 */6 * * *)
[2026-06-12T20:36:55.416Z] [INFO] Scheduled task: Consolidate old memory (0 2 * * *)
[2026-06-12T20:36:55.416Z] [INFO] Scheduled task: Token audit report (0 0 * * 1)
[2026-06-12T20:36:55.416Z] [INFO] Scheduled task: Cerebrum reflection (0 3 * * 0)
[2026-06-12T20:36:55.417Z] [INFO] Scheduled task: AI suggestions (0 4 * * 1)
[2026-06-12T20:36:55.418Z] [INFO] File watcher started on .wolf/
[2026-06-12T20:36:55.418Z] [INFO] OpenWolf daemon started
[2026-06-12T20:36:55.418Z] [INFO] Dashboard server listening on port 18791
[2026-06-12T20:36:55.594Z] [INFO] Scheduled task: Full anatomy rescan (0 */6 * * *)
[2026-06-12T20:36:55.595Z] [INFO] Scheduled task: Consolidate old memory (0 2 * * *)
[2026-06-12T20:36:55.595Z] [INFO] Scheduled task: Token audit report (0 0 * * 1)
[2026-06-12T20:36:55.596Z] [INFO] Scheduled task: Cerebrum reflection (0 3 * * 0)
[2026-06-12T20:36:55.596Z] [INFO] Scheduled task: AI suggestions (0 4 * * 1)
[2026-06-12T20:36:55.597Z] [INFO] File watcher started on .wolf/
[2026-06-12T20:36:55.597Z] [INFO] OpenWolf daemon started
[2026-06-12T20:36:55.598Z] [INFO] Dashboard server listening on port 18791
[2026-06-12T20:36:55.751Z] [INFO] Scheduled task: Full anatomy rescan (0 */6 * * *)
[2026-06-12T20:36:55.752Z] [INFO] Scheduled task: Consolidate old memory (0 2 * * *)
[2026-06-12T20:36:55.753Z] [INFO] Scheduled task: Token audit report (0 0 * * 1)
[2026-06-12T20:36:55.753Z] [INFO] Scheduled task: Cerebrum reflection (0 3 * * 0)
[2026-06-12T20:36:55.753Z] [INFO] Scheduled task: AI suggestions (0 4 * * 1)
[2026-06-12T20:36:55.754Z] [INFO] File watcher started on .wolf/
[2026-06-12T20:36:55.754Z] [INFO] OpenWolf daemon started
[2026-06-12T20:36:55.754Z] [INFO] Dashboard server listening on port 18791
[2026-06-12T20:36:55.909Z] [INFO] Scheduled task: Full anatomy rescan (0 */6 * * *)
[2026-06-12T20:36:55.910Z] [INFO] Scheduled task: Consolidate old memory (0 2 * * *)
[2026-06-12T20:36:55.910Z] [INFO] Scheduled task: Token audit report (0 0 * * 1)
[2026-06-12T20:36:55.911Z] [INFO] Scheduled task: Cerebrum reflection (0 3 * * 0)
[2026-06-12T20:36:55.911Z] [INFO] Scheduled task: AI suggestions (0 4 * * 1)
[2026-06-12T20:36:55.912Z] [INFO] File watcher started on .wolf/
[2026-06-12T20:36:55.912Z] [INFO] OpenWolf daemon started
[2026-06-12T20:36:55.912Z] [INFO] Dashboard server listening on port 18791
[2026-06-12T20:36:56.076Z] [INFO] Scheduled task: Full anatomy rescan (0 */6 * * *)
[2026-06-12T20:36:56.077Z] [INFO] Scheduled task: Consolidate old memory (0 2 * * *)
[2026-06-12T20:36:56.077Z] [INFO] Scheduled task: Token audit report (0 0 * * 1)
[2026-06-12T20:36:56.077Z] [INFO] Scheduled task: Cerebrum reflection (0 3 * * 0)
[2026-06-12T20:36:56.077Z] [INFO] Scheduled task: AI suggestions (0 4 * * 1)
[2026-06-12T20:36:56.078Z] [INFO] File watcher started on .wolf/
[2026-06-12T20:36:56.079Z] [INFO] OpenWolf daemon started
[2026-06-12T20:36:56.079Z] [INFO] Dashboard server listening on port 18791
[2026-06-12T20:36:56.250Z] [INFO] Scheduled task: Full anatomy rescan (0 */6 * * *)
[2026-06-12T20:36:56.251Z] [INFO] Scheduled task: Consolidate old memory (0 2 * * *)
[2026-06-12T20:36:56.251Z] [INFO] Scheduled task: Token audit report (0 0 * * 1)
[2026-06-12T20:36:56.251Z] [INFO] Scheduled task: Cerebrum reflection (0 3 * * 0)
[2026-06-12T20:36:56.252Z] [INFO] Scheduled task: AI suggestions (0 4 * * 1)
[2026-06-12T20:36:56.252Z] [INFO] File watcher started on .wolf/
[2026-06-12T20:36:56.253Z] [INFO] OpenWolf daemon started
[2026-06-12T20:36:56.253Z] [INFO] Dashboard server listening on port 18791
[2026-06-12T20:36:56.417Z] [INFO] Scheduled task: Full anatomy rescan (0 */6 * * *)
[2026-06-12T20:36:56.418Z] [INFO] Scheduled task: Consolidate old memory (0 2 * * *)
[2026-06-12T20:36:56.419Z] [INFO] Scheduled task: Token audit report (0 0 * * 1)
[2026-06-12T20:36:56.419Z] [INFO] Scheduled task: Cerebrum reflection (0 3 * * 0)
[2026-06-12T20:36:56.419Z] [INFO] Scheduled task: AI suggestions (0 4 * * 1)
[2026-06-12T20:36:56.420Z] [INFO] File watcher started on .wolf/
[2026-06-12T20:36:56.420Z] [INFO] OpenWolf daemon started
[2026-06-12T20:36:56.421Z] [INFO] Dashboard server listening on port 18791
[2026-06-12T20:36:56.590Z] [INFO] Scheduled task: Full anatomy rescan (0 */6 * * *)
[2026-06-12T20:36:56.591Z] [INFO] Scheduled task: Consolidate old memory (0 2 * * *)
[2026-06-12T20:36:56.592Z] [INFO] Scheduled task: Token audit report (0 0 * * 1)
[2026-06-12T20:36:56.592Z] [INFO] Scheduled task: Cerebrum reflection (0 3 * * 0)
[2026-06-12T20:36:56.592Z] [INFO] Scheduled task: AI suggestions (0 4 * * 1)
[2026-06-12T20:36:56.593Z] [INFO] File watcher started on .wolf/
[2026-06-12T20:36:56.593Z] [INFO] OpenWolf daemon started
[2026-06-12T20:36:56.593Z] [INFO] Dashboard server listening on port 18791
[2026-06-12T20:36:56.755Z] [INFO] Scheduled task: Full anatomy rescan (0 */6 * * *)
[2026-06-12T20:36:56.756Z] [INFO] Scheduled task: Consolidate old memory (0 2 * * *)
[2026-06-12T20:36:56.756Z] [INFO] Scheduled task: Token audit report (0 0 * * 1)
[2026-06-12T20:36:56.757Z] [INFO] Scheduled task: Cerebrum reflection (0 3 * * 0)
[2026-06-12T20:36:56.757Z] [INFO] Scheduled task: AI suggestions (0 4 * * 1)
[2026-06-12T20:36:56.758Z] [INFO] File watcher started on .wolf/
[2026-06-12T20:36:56.758Z] [INFO] OpenWolf daemon started
[2026-06-12T20:36:56.758Z] [INFO] Dashboard server listening on port 18791
[2026-06-12T20:36:56.925Z] [INFO] Scheduled task: Full anatomy rescan (0 */6 * * *)
[2026-06-12T20:36:56.926Z] [INFO] Scheduled task: Consolidate old memory (0 2 * * *)
[2026-06-12T20:36:56.926Z] [INFO] Scheduled task: Token audit report (0 0 * * 1)
[2026-06-12T20:36:56.926Z] [INFO] Scheduled task: Cerebrum reflection (0 3 * * 0)
[2026-06-12T20:36:56.926Z] [INFO] Scheduled task: AI suggestions (0 4 * * 1)
[2026-06-12T20:36:56.927Z] [INFO] File watcher started on .wolf/
[2026-06-12T20:36:56.928Z] [INFO] OpenWolf daemon started
[2026-06-12T20:36:56.928Z] [INFO] Dashboard server listening on port 18791
